# Logfile created on Mon Jul 07 10:00:41 -0700 2008

Processing ExampleController#index (for 127.0.0.1 at 2008-07-07 10:01:46) [GET]
  Session ID: 9afc5dabfcaa730a3f66f7c4b285bbaa
  Parameters: {"action"=>"index", "controller"=>"example"}


Processing ExampleController#index (for 127.0.0.1 at 2008-07-07 10:01:46) [GET]
  Session ID: 9afc5dabfcaa730a3f66f7c4b285bbaa
  Parameters: {"action"=>"index", "controller"=>"example"}


MissingSourceFile (no such file to load -- sqlite3):
    /usr/local/lib/ruby/site_ruby/1.8/rubygems/custom_require.rb:27:in `gem_original_require'
    /usr/local/lib/ruby/site_ruby/1.8/rubygems/custom_require.rb:27:in `require'
    /usr/local/lib/ruby/gems/1.8/gems/activesupport-2.0.2/lib/active_support/dependencies.rb:496:in `require'
    /usr/local/lib/ruby/gems/1.8/gems/activesupport-2.0.2/lib/active_support/dependencies.rb:342:in `new_constants_in'
    /usr/local/lib/ruby/gems/1.8/gems/activesupport-2.0.2/lib/active_support/dependencies.rb:496:in `require'
    /usr/local/lib/ruby/gems/1.8/gems/activesupport-2.0.2/lib/active_support/core_ext/kernel/requires.rb:7:in `require_library_or_gem'
    /usr/local/lib/ruby/gems/1.8/gems/activesupport-2.0.2/lib/active_support/core_ext/kernel/reporting.rb:11:in `silence_warnings'
    /usr/local/lib/ruby/gems/1.8/gems/activesupport-2.0.2/lib/active_support/core_ext/kernel/requires.rb:5:in `require_library_or_gem'
    /usr/local/lib/ruby/gems/1.8/gems/activerecord-2.0.2/lib/active_record/connection_adapters/sqlite3_adapter.rb:10:in `sqlite3_connection'
    /usr/local/lib/ruby/gems/1.8/gems/activerecord-2.0.2/lib/active_record/connection_adapters/abstract/connection_specification.rb:291:in `send'
    /usr/local/lib/ruby/gems/1.8/gems/activerecord-2.0.2/lib/active_record/connection_adapters/abstract/connection_specification.rb:291:in `connection='
    /usr/local/lib/ruby/gems/1.8/gems/activerecord-2.0.2/lib/active_record/connection_adapters/abstract/connection_specification.rb:259:in `retrieve_connection'
    /usr/local/lib/ruby/gems/1.8/gems/activerecord-2.0.2/lib/active_record/connection_adapters/abstract/connection_specification.rb:78:in `connection'
    /usr/local/lib/ruby/gems/1.8/gems/activerecord-2.0.2/lib/active_record/query_cache.rb:8:in `cache'
    /usr/local/lib/ruby/gems/1.8/gems/actionpack-2.0.2/lib/action_controller/caching.rb:677:in `perform_action'
    /usr/local/lib/ruby/gems/1.8/gems/actionpack-2.0.2/lib/action_controller/base.rb:524:in `send'
    /usr/local/lib/ruby/gems/1.8/gems/actionpack-2.0.2/lib/action_controller/base.rb:524:in `process_without_filters'
    /usr/local/lib/ruby/gems/1.8/gems/actionpack-2.0.2/lib/action_controller/filters.rb:685:in `process_without_session_management_support'
    /usr/local/lib/ruby/gems/1.8/gems/actionpack-2.0.2/lib/action_controller/session_management.rb:123:in `process'
    /usr/local/lib/ruby/gems/1.8/gems/actionpack-2.0.2/lib/action_controller/base.rb:388:in `process'
    /usr/local/lib/ruby/gems/1.8/gems/actionpack-2.0.2/lib/action_controller/dispatcher.rb:171:in `handle_request'
    /usr/local/lib/ruby/gems/1.8/gems/actionpack-2.0.2/lib/action_controller/dispatcher.rb:115:in `dispatch'
    /usr/local/lib/ruby/gems/1.8/gems/actionpack-2.0.2/lib/action_controller/dispatcher.rb:126:in `dispatch_cgi'
    /usr/local/lib/ruby/gems/1.8/gems/actionpack-2.0.2/lib/action_controller/dispatcher.rb:9:in `dispatch'
    /usr/local/lib/ruby/gems/1.8/gems/mongrel-1.1.4/bin/../lib/mongrel/rails.rb:76:in `process'
    /usr/local/lib/ruby/gems/1.8/gems/mongrel-1.1.4/bin/../lib/mongrel/rails.rb:74:in `synchronize'
    /usr/local/lib/ruby/gems/1.8/gems/mongrel-1.1.4/bin/../lib/mongrel/rails.rb:74:in `process'
    /usr/local/lib/ruby/gems/1.8/gems/mongrel-1.1.4/lib/mongrel.rb:159:in `process_client'
    /usr/local/lib/ruby/gems/1.8/gems/mongrel-1.1.4/lib/mongrel.rb:158:in `each'
    /usr/local/lib/ruby/gems/1.8/gems/mongrel-1.1.4/lib/mongrel.rb:158:in `process_client'
    /usr/local/lib/ruby/gems/1.8/gems/mongrel-1.1.4/lib/mongrel.rb:285:in `run'
    /usr/local/lib/ruby/gems/1.8/gems/mongrel-1.1.4/lib/mongrel.rb:285:in `initialize'
    /usr/local/lib/ruby/gems/1.8/gems/mongrel-1.1.4/lib/mongrel.rb:285:in `new'
    /usr/local/lib/ruby/gems/1.8/gems/mongrel-1.1.4/lib/mongrel.rb:285:in `run'
    /usr/local/lib/ruby/gems/1.8/gems/mongrel-1.1.4/lib/mongrel.rb:268:in `initialize'
    /usr/local/lib/ruby/gems/1.8/gems/mongrel-1.1.4/lib/mongrel.rb:268:in `new'
    /usr/local/lib/ruby/gems/1.8/gems/mongrel-1.1.4/lib/mongrel.rb:268:in `run'
    /usr/local/lib/ruby/gems/1.8/gems/mongrel-1.1.4/lib/mongrel/configurator.rb:282:in `run'
    /usr/local/lib/ruby/gems/1.8/gems/mongrel-1.1.4/lib/mongrel/configurator.rb:281:in `each'
    /usr/local/lib/ruby/gems/1.8/gems/mongrel-1.1.4/lib/mongrel/configurator.rb:281:in `run'
    /usr/local/lib/ruby/gems/1.8/gems/mongrel-1.1.4/bin/mongrel_rails:128:in `run'
    /usr/local/lib/ruby/gems/1.8/gems/mongrel-1.1.4/lib/mongrel/command.rb:212:in `run'
    /usr/local/lib/ruby/gems/1.8/gems/mongrel-1.1.4/bin/mongrel_rails:281
    /usr/local/lib/ruby/gems/1.8/gems/activesupport-2.0.2/lib/active_support/dependencies.rb:489:in `load'
    /usr/local/lib/ruby/gems/1.8/gems/activesupport-2.0.2/lib/active_support/dependencies.rb:489:in `load'
    /usr/local/lib/ruby/gems/1.8/gems/activesupport-2.0.2/lib/active_support/dependencies.rb:342:in `new_constants_in'
    /usr/local/lib/ruby/gems/1.8/gems/activesupport-2.0.2/lib/active_support/dependencies.rb:489:in `load'
    /usr/local/lib/ruby/gems/1.8/gems/rails-2.0.2/lib/commands/servers/mongrel.rb:64
    /usr/local/lib/ruby/site_ruby/1.8/rubygems/custom_require.rb:27:in `gem_original_require'
    /usr/local/lib/ruby/site_ruby/1.8/rubygems/custom_require.rb:27:in `require'
    /usr/local/lib/ruby/gems/1.8/gems/activesupport-2.0.2/lib/active_support/dependencies.rb:496:in `require'
    /usr/local/lib/ruby/gems/1.8/gems/activesupport-2.0.2/lib/active_support/dependencies.rb:342:in `new_constants_in'
    /usr/local/lib/ruby/gems/1.8/gems/activesupport-2.0.2/lib/active_support/dependencies.rb:496:in `require'
    /usr/local/lib/ruby/gems/1.8/gems/rails-2.0.2/lib/commands/server.rb:39
    /usr/local/lib/ruby/site_ruby/1.8/rubygems/custom_require.rb:27:in `gem_original_require'
    /usr/local/lib/ruby/site_ruby/1.8/rubygems/custom_require.rb:27:in `require'
    script/server:3

Rendering /usr/local/lib/ruby/gems/1.8/gems/actionpack-2.0.2/lib/action_controller/templates/rescues/layout.erb (internal_server_error)


Processing ExampleController#index (for 127.0.0.1 at 2008-07-07 10:09:09) [GET]
  Session ID: BAh7BiIKZmxhc2hJQzonQWN0aW9uQ29udHJvbGxlcjo6Rmxhc2g6OkZsYXNo%0ASGFzaHsABjoKQHVzZWR7AA%3D%3D--2ae20dc6172c47109fc32ac3620090af29902e66
  Parameters: {"action"=>"index", "controller"=>"example"}


Processing ExampleController#index (for 127.0.0.1 at 2008-07-07 10:09:10) [GET]
  Session ID: BAh7BiIKZmxhc2hJQzonQWN0aW9uQ29udHJvbGxlcjo6Rmxhc2g6OkZsYXNo%0ASGFzaHsABjoKQHVzZWR7AA%3D%3D--2ae20dc6172c47109fc32ac3620090af29902e66
  Parameters: {"action"=>"index", "controller"=>"example"}


Mysql::Error (Access denied for user 'root'@'localhost' (using password: NO)):
    /usr/local/lib/ruby/gems/1.8/gems/activerecord-2.0.2/lib/active_record/connection_adapters/mysql_adapter.rb:471:in `real_connect'
    /usr/local/lib/ruby/gems/1.8/gems/activerecord-2.0.2/lib/active_record/connection_adapters/mysql_adapter.rb:471:in `connect'
    /usr/local/lib/ruby/gems/1.8/gems/activerecord-2.0.2/lib/active_record/connection_adapters/mysql_adapter.rb:165:in `initialize'
    /usr/local/lib/ruby/gems/1.8/gems/activerecord-2.0.2/lib/active_record/connection_adapters/mysql_adapter.rb:88:in `new'
    /usr/local/lib/ruby/gems/1.8/gems/activerecord-2.0.2/lib/active_record/connection_adapters/mysql_adapter.rb:88:in `mysql_connection'
    /usr/local/lib/ruby/gems/1.8/gems/activerecord-2.0.2/lib/active_record/connection_adapters/abstract/connection_specification.rb:291:in `send'
    /usr/local/lib/ruby/gems/1.8/gems/activerecord-2.0.2/lib/active_record/connection_adapters/abstract/connection_specification.rb:291:in `connection='
    /usr/local/lib/ruby/gems/1.8/gems/activerecord-2.0.2/lib/active_record/connection_adapters/abstract/connection_specification.rb:259:in `retrieve_connection'
    /usr/local/lib/ruby/gems/1.8/gems/activerecord-2.0.2/lib/active_record/connection_adapters/abstract/connection_specification.rb:78:in `connection'
    /usr/local/lib/ruby/gems/1.8/gems/activerecord-2.0.2/lib/active_record/query_cache.rb:8:in `cache'
    /usr/local/lib/ruby/gems/1.8/gems/actionpack-2.0.2/lib/action_controller/caching.rb:677:in `perform_action'
    /usr/local/lib/ruby/gems/1.8/gems/actionpack-2.0.2/lib/action_controller/base.rb:524:in `send'
    /usr/local/lib/ruby/gems/1.8/gems/actionpack-2.0.2/lib/action_controller/base.rb:524:in `process_without_filters'
    /usr/local/lib/ruby/gems/1.8/gems/actionpack-2.0.2/lib/action_controller/filters.rb:685:in `process_without_session_management_support'
    /usr/local/lib/ruby/gems/1.8/gems/actionpack-2.0.2/lib/action_controller/session_management.rb:123:in `process'
    /usr/local/lib/ruby/gems/1.8/gems/actionpack-2.0.2/lib/action_controller/base.rb:388:in `process'
    /usr/local/lib/ruby/gems/1.8/gems/actionpack-2.0.2/lib/action_controller/dispatcher.rb:171:in `handle_request'
    /usr/local/lib/ruby/gems/1.8/gems/actionpack-2.0.2/lib/action_controller/dispatcher.rb:115:in `dispatch'
    /usr/local/lib/ruby/gems/1.8/gems/actionpack-2.0.2/lib/action_controller/dispatcher.rb:126:in `dispatch_cgi'
    /usr/local/lib/ruby/gems/1.8/gems/actionpack-2.0.2/lib/action_controller/dispatcher.rb:9:in `dispatch'
    /usr/local/lib/ruby/gems/1.8/gems/mongrel-1.1.4/bin/../lib/mongrel/rails.rb:76:in `process'
    /usr/local/lib/ruby/gems/1.8/gems/mongrel-1.1.4/bin/../lib/mongrel/rails.rb:74:in `synchronize'
    /usr/local/lib/ruby/gems/1.8/gems/mongrel-1.1.4/bin/../lib/mongrel/rails.rb:74:in `process'
    /usr/local/lib/ruby/gems/1.8/gems/mongrel-1.1.4/lib/mongrel.rb:159:in `process_client'
    /usr/local/lib/ruby/gems/1.8/gems/mongrel-1.1.4/lib/mongrel.rb:158:in `each'
    /usr/local/lib/ruby/gems/1.8/gems/mongrel-1.1.4/lib/mongrel.rb:158:in `process_client'
    /usr/local/lib/ruby/gems/1.8/gems/mongrel-1.1.4/lib/mongrel.rb:285:in `run'
    /usr/local/lib/ruby/gems/1.8/gems/mongrel-1.1.4/lib/mongrel.rb:285:in `initialize'
    /usr/local/lib/ruby/gems/1.8/gems/mongrel-1.1.4/lib/mongrel.rb:285:in `new'
    /usr/local/lib/ruby/gems/1.8/gems/mongrel-1.1.4/lib/mongrel.rb:285:in `run'
    /usr/local/lib/ruby/gems/1.8/gems/mongrel-1.1.4/lib/mongrel.rb:268:in `initialize'
    /usr/local/lib/ruby/gems/1.8/gems/mongrel-1.1.4/lib/mongrel.rb:268:in `new'
    /usr/local/lib/ruby/gems/1.8/gems/mongrel-1.1.4/lib/mongrel.rb:268:in `run'
    /usr/local/lib/ruby/gems/1.8/gems/mongrel-1.1.4/lib/mongrel/configurator.rb:282:in `run'
    /usr/local/lib/ruby/gems/1.8/gems/mongrel-1.1.4/lib/mongrel/configurator.rb:281:in `each'
    /usr/local/lib/ruby/gems/1.8/gems/mongrel-1.1.4/lib/mongrel/configurator.rb:281:in `run'
    /usr/local/lib/ruby/gems/1.8/gems/mongrel-1.1.4/bin/mongrel_rails:128:in `run'
    /usr/local/lib/ruby/gems/1.8/gems/mongrel-1.1.4/lib/mongrel/command.rb:212:in `run'
    /usr/local/lib/ruby/gems/1.8/gems/mongrel-1.1.4/bin/mongrel_rails:281
    /usr/local/lib/ruby/gems/1.8/gems/activesupport-2.0.2/lib/active_support/dependencies.rb:489:in `load'
    /usr/local/lib/ruby/gems/1.8/gems/activesupport-2.0.2/lib/active_support/dependencies.rb:489:in `load'
    /usr/local/lib/ruby/gems/1.8/gems/activesupport-2.0.2/lib/active_support/dependencies.rb:342:in `new_constants_in'
    /usr/local/lib/ruby/gems/1.8/gems/activesupport-2.0.2/lib/active_support/dependencies.rb:489:in `load'
    /usr/local/lib/ruby/gems/1.8/gems/rails-2.0.2/lib/commands/servers/mongrel.rb:64
    /usr/local/lib/ruby/site_ruby/1.8/rubygems/custom_require.rb:27:in `gem_original_require'
    /usr/local/lib/ruby/site_ruby/1.8/rubygems/custom_require.rb:27:in `require'
    /usr/local/lib/ruby/gems/1.8/gems/activesupport-2.0.2/lib/active_support/dependencies.rb:496:in `require'
    /usr/local/lib/ruby/gems/1.8/gems/activesupport-2.0.2/lib/active_support/dependencies.rb:342:in `new_constants_in'
    /usr/local/lib/ruby/gems/1.8/gems/activesupport-2.0.2/lib/active_support/dependencies.rb:496:in `require'
    /usr/local/lib/ruby/gems/1.8/gems/rails-2.0.2/lib/commands/server.rb:39
    /usr/local/lib/ruby/site_ruby/1.8/rubygems/custom_require.rb:27:in `gem_original_require'
    /usr/local/lib/ruby/site_ruby/1.8/rubygems/custom_require.rb:27:in `require'
    script/server:3

Rendering /usr/local/lib/ruby/gems/1.8/gems/actionpack-2.0.2/lib/action_controller/templates/rescues/layout.erb (internal_server_error)


Processing ExampleController#index (for 127.0.0.1 at 2008-07-07 10:10:02) [GET]
  Session ID: BAh7BiIKZmxhc2hJQzonQWN0aW9uQ29udHJvbGxlcjo6Rmxhc2g6OkZsYXNo%0ASGFzaHsABjoKQHVzZWR7AA%3D%3D--2ae20dc6172c47109fc32ac3620090af29902e66
  Parameters: {"action"=>"index", "controller"=>"example"}


Processing ExampleController#index (for 127.0.0.1 at 2008-07-07 10:10:02) [GET]
  Session ID: BAh7BiIKZmxhc2hJQzonQWN0aW9uQ29udHJvbGxlcjo6Rmxhc2g6OkZsYXNo%0ASGFzaHsABjoKQHVzZWR7AA%3D%3D--2ae20dc6172c47109fc32ac3620090af29902e66
  Parameters: {"action"=>"index", "controller"=>"example"}


Mysql::Error (Incorrect database name 'db/development.mysql'):
    /usr/local/lib/ruby/gems/1.8/gems/activerecord-2.0.2/lib/active_record/connection_adapters/mysql_adapter.rb:471:in `real_connect'
    /usr/local/lib/ruby/gems/1.8/gems/activerecord-2.0.2/lib/active_record/connection_adapters/mysql_adapter.rb:471:in `connect'
    /usr/local/lib/ruby/gems/1.8/gems/activerecord-2.0.2/lib/active_record/connection_adapters/mysql_adapter.rb:165:in `initialize'
    /usr/local/lib/ruby/gems/1.8/gems/activerecord-2.0.2/lib/active_record/connection_adapters/mysql_adapter.rb:88:in `new'
    /usr/local/lib/ruby/gems/1.8/gems/activerecord-2.0.2/lib/active_record/connection_adapters/mysql_adapter.rb:88:in `mysql_connection'
    /usr/local/lib/ruby/gems/1.8/gems/activerecord-2.0.2/lib/active_record/connection_adapters/abstract/connection_specification.rb:291:in `send'
    /usr/local/lib/ruby/gems/1.8/gems/activerecord-2.0.2/lib/active_record/connection_adapters/abstract/connection_specification.rb:291:in `connection='
    /usr/local/lib/ruby/gems/1.8/gems/activerecord-2.0.2/lib/active_record/connection_adapters/abstract/connection_specification.rb:259:in `retrieve_connection'
    /usr/local/lib/ruby/gems/1.8/gems/activerecord-2.0.2/lib/active_record/connection_adapters/abstract/connection_specification.rb:78:in `connection'
    /usr/local/lib/ruby/gems/1.8/gems/activerecord-2.0.2/lib/active_record/query_cache.rb:8:in `cache'
    /usr/local/lib/ruby/gems/1.8/gems/actionpack-2.0.2/lib/action_controller/caching.rb:677:in `perform_action'
    /usr/local/lib/ruby/gems/1.8/gems/actionpack-2.0.2/lib/action_controller/base.rb:524:in `send'
    /usr/local/lib/ruby/gems/1.8/gems/actionpack-2.0.2/lib/action_controller/base.rb:524:in `process_without_filters'
    /usr/local/lib/ruby/gems/1.8/gems/actionpack-2.0.2/lib/action_controller/filters.rb:685:in `process_without_session_management_support'
    /usr/local/lib/ruby/gems/1.8/gems/actionpack-2.0.2/lib/action_controller/session_management.rb:123:in `process'
    /usr/local/lib/ruby/gems/1.8/gems/actionpack-2.0.2/lib/action_controller/base.rb:388:in `process'
    /usr/local/lib/ruby/gems/1.8/gems/actionpack-2.0.2/lib/action_controller/dispatcher.rb:171:in `handle_request'
    /usr/local/lib/ruby/gems/1.8/gems/actionpack-2.0.2/lib/action_controller/dispatcher.rb:115:in `dispatch'
    /usr/local/lib/ruby/gems/1.8/gems/actionpack-2.0.2/lib/action_controller/dispatcher.rb:126:in `dispatch_cgi'
    /usr/local/lib/ruby/gems/1.8/gems/actionpack-2.0.2/lib/action_controller/dispatcher.rb:9:in `dispatch'
    /usr/local/lib/ruby/gems/1.8/gems/mongrel-1.1.4/bin/../lib/mongrel/rails.rb:76:in `process'
    /usr/local/lib/ruby/gems/1.8/gems/mongrel-1.1.4/bin/../lib/mongrel/rails.rb:74:in `synchronize'
    /usr/local/lib/ruby/gems/1.8/gems/mongrel-1.1.4/bin/../lib/mongrel/rails.rb:74:in `process'
    /usr/local/lib/ruby/gems/1.8/gems/mongrel-1.1.4/lib/mongrel.rb:159:in `process_client'
    /usr/local/lib/ruby/gems/1.8/gems/mongrel-1.1.4/lib/mongrel.rb:158:in `each'
    /usr/local/lib/ruby/gems/1.8/gems/mongrel-1.1.4/lib/mongrel.rb:158:in `process_client'
    /usr/local/lib/ruby/gems/1.8/gems/mongrel-1.1.4/lib/mongrel.rb:285:in `run'
    /usr/local/lib/ruby/gems/1.8/gems/mongrel-1.1.4/lib/mongrel.rb:285:in `initialize'
    /usr/local/lib/ruby/gems/1.8/gems/mongrel-1.1.4/lib/mongrel.rb:285:in `new'
    /usr/local/lib/ruby/gems/1.8/gems/mongrel-1.1.4/lib/mongrel.rb:285:in `run'
    /usr/local/lib/ruby/gems/1.8/gems/mongrel-1.1.4/lib/mongrel.rb:268:in `initialize'
    /usr/local/lib/ruby/gems/1.8/gems/mongrel-1.1.4/lib/mongrel.rb:268:in `new'
    /usr/local/lib/ruby/gems/1.8/gems/mongrel-1.1.4/lib/mongrel.rb:268:in `run'
    /usr/local/lib/ruby/gems/1.8/gems/mongrel-1.1.4/lib/mongrel/configurator.rb:282:in `run'
    /usr/local/lib/ruby/gems/1.8/gems/mongrel-1.1.4/lib/mongrel/configurator.rb:281:in `each'
    /usr/local/lib/ruby/gems/1.8/gems/mongrel-1.1.4/lib/mongrel/configurator.rb:281:in `run'
    /usr/local/lib/ruby/gems/1.8/gems/mongrel-1.1.4/bin/mongrel_rails:128:in `run'
    /usr/local/lib/ruby/gems/1.8/gems/mongrel-1.1.4/lib/mongrel/command.rb:212:in `run'
    /usr/local/lib/ruby/gems/1.8/gems/mongrel-1.1.4/bin/mongrel_rails:281
    /usr/local/lib/ruby/gems/1.8/gems/activesupport-2.0.2/lib/active_support/dependencies.rb:489:in `load'
    /usr/local/lib/ruby/gems/1.8/gems/activesupport-2.0.2/lib/active_support/dependencies.rb:489:in `load'
    /usr/local/lib/ruby/gems/1.8/gems/activesupport-2.0.2/lib/active_support/dependencies.rb:342:in `new_constants_in'
    /usr/local/lib/ruby/gems/1.8/gems/activesupport-2.0.2/lib/active_support/dependencies.rb:489:in `load'
    /usr/local/lib/ruby/gems/1.8/gems/rails-2.0.2/lib/commands/servers/mongrel.rb:64
    /usr/local/lib/ruby/site_ruby/1.8/rubygems/custom_require.rb:27:in `gem_original_require'
    /usr/local/lib/ruby/site_ruby/1.8/rubygems/custom_require.rb:27:in `require'
    /usr/local/lib/ruby/gems/1.8/gems/activesupport-2.0.2/lib/active_support/dependencies.rb:496:in `require'
    /usr/local/lib/ruby/gems/1.8/gems/activesupport-2.0.2/lib/active_support/dependencies.rb:342:in `new_constants_in'
    /usr/local/lib/ruby/gems/1.8/gems/activesupport-2.0.2/lib/active_support/dependencies.rb:496:in `require'
    /usr/local/lib/ruby/gems/1.8/gems/rails-2.0.2/lib/commands/server.rb:39
    /usr/local/lib/ruby/site_ruby/1.8/rubygems/custom_require.rb:27:in `gem_original_require'
    /usr/local/lib/ruby/site_ruby/1.8/rubygems/custom_require.rb:27:in `require'
    script/server:3

Rendering /usr/local/lib/ruby/gems/1.8/gems/actionpack-2.0.2/lib/action_controller/templates/rescues/layout.erb (internal_server_error)


Processing ExampleController#index (for 127.0.0.1 at 2008-07-07 10:20:05) [GET]
  Session ID: BAh7BiIKZmxhc2hJQzonQWN0aW9uQ29udHJvbGxlcjo6Rmxhc2g6OkZsYXNo%0ASGFzaHsABjoKQHVzZWR7AA%3D%3D--2ae20dc6172c47109fc32ac3620090af29902e66
  Parameters: {"action"=>"index", "controller"=>"example"}
  [4;36;1mSQL (0.113455)[0m   [0;1mSET SQL_AUTO_IS_NULL=0[0m
Rendering template within layouts/application
Rendering example/index
Completed in 0.02661 (37 reqs/sec) | Rendering: 0.02313 (86%) | DB: 0.11345 (426%) | 200 OK [http://localhost/example]


Processing ExampleController#new (for 127.0.0.1 at 2008-07-07 10:20:13) [GET]
  Session ID: BAh7BiIKZmxhc2hJQzonQWN0aW9uQ29udHJvbGxlcjo6Rmxhc2g6OkZsYXNo%0ASGFzaHsABjoKQHVzZWR7AA%3D%3D--2ae20dc6172c47109fc32ac3620090af29902e66
  Parameters: {"action"=>"new", "controller"=>"example"}
Rendering template within layouts/application
Rendering example/edit
Rendered example/_subthings (0.00525)
Completed in 0.03207 (31 reqs/sec) | Rendering: 0.02625 (81%) | DB: 0.00000 (0%) | 200 OK [http://localhost/example/new]


Processing ExampleController#update (for 127.0.0.1 at 2008-07-07 10:20:22) [POST]
  Session ID: BAh7BzoMY3NyZl9pZCIlYzI1MmU1MjgwMGRiZTU4ZjhlOTgwMDJkYWNhZjdi%0ANzEiCmZsYXNoSUM6J0FjdGlvbkNvbnRyb2xsZXI6OkZsYXNoOjpGbGFzaEhh%0Ac2h7AAY6CkB1c2VkewA%3D--c84d06ee81a46adee88ef4096e11fca769af32e0
  Parameters: {"commit"=>"save", "authenticity_token"=>"40370032fe28c6af4ef79d98e6462f3d9063f5ce", "action"=>"update", "id"=>"4", "thing_name"=>"thingbeth", "controller"=>"example"}


NoMethodError (You have a nil object when you didn't expect it!
You might have expected an instance of ActiveRecord::Base.
The error occurred while evaluating nil.[]=):
    /app/controllers/example_controller.rb:22:in `update'
    /usr/local/lib/ruby/gems/1.8/gems/actionpack-2.0.2/lib/action_controller/base.rb:1158:in `send'
    /usr/local/lib/ruby/gems/1.8/gems/actionpack-2.0.2/lib/action_controller/base.rb:1158:in `perform_action_without_filters'
    /usr/local/lib/ruby/gems/1.8/gems/actionpack-2.0.2/lib/action_controller/filters.rb:697:in `call_filters'
    /usr/local/lib/ruby/gems/1.8/gems/actionpack-2.0.2/lib/action_controller/filters.rb:689:in `perform_action_without_benchmark'
    /usr/local/lib/ruby/gems/1.8/gems/actionpack-2.0.2/lib/action_controller/benchmarking.rb:68:in `perform_action_without_rescue'
    /usr/local/lib/ruby/1.8/benchmark.rb:293:in `measure'
    /usr/local/lib/ruby/gems/1.8/gems/actionpack-2.0.2/lib/action_controller/benchmarking.rb:68:in `perform_action_without_rescue'
    /usr/local/lib/ruby/gems/1.8/gems/actionpack-2.0.2/lib/action_controller/rescue.rb:199:in `perform_action_without_caching'
    /usr/local/lib/ruby/gems/1.8/gems/actionpack-2.0.2/lib/action_controller/caching.rb:678:in `perform_action'
    /usr/local/lib/ruby/gems/1.8/gems/activerecord-2.0.2/lib/active_record/connection_adapters/abstract/query_cache.rb:33:in `cache'
    /usr/local/lib/ruby/gems/1.8/gems/activerecord-2.0.2/lib/active_record/query_cache.rb:8:in `cache'
    /usr/local/lib/ruby/gems/1.8/gems/actionpack-2.0.2/lib/action_controller/caching.rb:677:in `perform_action'
    /usr/local/lib/ruby/gems/1.8/gems/actionpack-2.0.2/lib/action_controller/base.rb:524:in `send'
    /usr/local/lib/ruby/gems/1.8/gems/actionpack-2.0.2/lib/action_controller/base.rb:524:in `process_without_filters'
    /usr/local/lib/ruby/gems/1.8/gems/actionpack-2.0.2/lib/action_controller/filters.rb:685:in `process_without_session_management_support'
    /usr/local/lib/ruby/gems/1.8/gems/actionpack-2.0.2/lib/action_controller/session_management.rb:123:in `process'
    /usr/local/lib/ruby/gems/1.8/gems/actionpack-2.0.2/lib/action_controller/base.rb:388:in `process'
    /usr/local/lib/ruby/gems/1.8/gems/actionpack-2.0.2/lib/action_controller/dispatcher.rb:171:in `handle_request'
    /usr/local/lib/ruby/gems/1.8/gems/actionpack-2.0.2/lib/action_controller/dispatcher.rb:115:in `dispatch'
    /usr/local/lib/ruby/gems/1.8/gems/actionpack-2.0.2/lib/action_controller/dispatcher.rb:126:in `dispatch_cgi'
    /usr/local/lib/ruby/gems/1.8/gems/actionpack-2.0.2/lib/action_controller/dispatcher.rb:9:in `dispatch'
    /usr/local/lib/ruby/gems/1.8/gems/mongrel-1.1.4/bin/../lib/mongrel/rails.rb:76:in `process'
    /usr/local/lib/ruby/gems/1.8/gems/mongrel-1.1.4/bin/../lib/mongrel/rails.rb:74:in `synchronize'
    /usr/local/lib/ruby/gems/1.8/gems/mongrel-1.1.4/bin/../lib/mongrel/rails.rb:74:in `process'
    /usr/local/lib/ruby/gems/1.8/gems/mongrel-1.1.4/lib/mongrel.rb:159:in `process_client'
    /usr/local/lib/ruby/gems/1.8/gems/mongrel-1.1.4/lib/mongrel.rb:158:in `each'
    /usr/local/lib/ruby/gems/1.8/gems/mongrel-1.1.4/lib/mongrel.rb:158:in `process_client'
    /usr/local/lib/ruby/gems/1.8/gems/mongrel-1.1.4/lib/mongrel.rb:285:in `run'
    /usr/local/lib/ruby/gems/1.8/gems/mongrel-1.1.4/lib/mongrel.rb:285:in `initialize'
    /usr/local/lib/ruby/gems/1.8/gems/mongrel-1.1.4/lib/mongrel.rb:285:in `new'
    /usr/local/lib/ruby/gems/1.8/gems/mongrel-1.1.4/lib/mongrel.rb:285:in `run'
    /usr/local/lib/ruby/gems/1.8/gems/mongrel-1.1.4/lib/mongrel.rb:268:in `initialize'
    /usr/local/lib/ruby/gems/1.8/gems/mongrel-1.1.4/lib/mongrel.rb:268:in `new'
    /usr/local/lib/ruby/gems/1.8/gems/mongrel-1.1.4/lib/mongrel.rb:268:in `run'
    /usr/local/lib/ruby/gems/1.8/gems/mongrel-1.1.4/lib/mongrel/configurator.rb:282:in `run'
    /usr/local/lib/ruby/gems/1.8/gems/mongrel-1.1.4/lib/mongrel/configurator.rb:281:in `each'
    /usr/local/lib/ruby/gems/1.8/gems/mongrel-1.1.4/lib/mongrel/configurator.rb:281:in `run'
    /usr/local/lib/ruby/gems/1.8/gems/mongrel-1.1.4/bin/mongrel_rails:128:in `run'
    /usr/local/lib/ruby/gems/1.8/gems/mongrel-1.1.4/lib/mongrel/command.rb:212:in `run'
    /usr/local/lib/ruby/gems/1.8/gems/mongrel-1.1.4/bin/mongrel_rails:281
    /usr/local/lib/ruby/gems/1.8/gems/activesupport-2.0.2/lib/active_support/dependencies.rb:489:in `load'
    /usr/local/lib/ruby/gems/1.8/gems/activesupport-2.0.2/lib/active_support/dependencies.rb:489:in `load'
    /usr/local/lib/ruby/gems/1.8/gems/activesupport-2.0.2/lib/active_support/dependencies.rb:342:in `new_constants_in'
    /usr/local/lib/ruby/gems/1.8/gems/activesupport-2.0.2/lib/active_support/dependencies.rb:489:in `load'
    /usr/local/lib/ruby/gems/1.8/gems/rails-2.0.2/lib/commands/servers/mongrel.rb:64
    /usr/local/lib/ruby/site_ruby/1.8/rubygems/custom_require.rb:27:in `gem_original_require'
    /usr/local/lib/ruby/site_ruby/1.8/rubygems/custom_require.rb:27:in `require'
    /usr/local/lib/ruby/gems/1.8/gems/activesupport-2.0.2/lib/active_support/dependencies.rb:496:in `require'
    /usr/local/lib/ruby/gems/1.8/gems/activesupport-2.0.2/lib/active_support/dependencies.rb:342:in `new_constants_in'
    /usr/local/lib/ruby/gems/1.8/gems/activesupport-2.0.2/lib/active_support/dependencies.rb:496:in `require'
    /usr/local/lib/ruby/gems/1.8/gems/rails-2.0.2/lib/commands/server.rb:39
    /usr/local/lib/ruby/site_ruby/1.8/rubygems/custom_require.rb:27:in `gem_original_require'
    /usr/local/lib/ruby/site_ruby/1.8/rubygems/custom_require.rb:27:in `require'
    script/server:3

Rendering /usr/local/lib/ruby/gems/1.8/gems/actionpack-2.0.2/lib/action_controller/templates/rescues/layout.erb (internal_server_error)
  [4;36;1mSQL (0.000108)[0m   [0;1mSET SQL_AUTO_IS_NULL=0[0m
  [4;35;1mSQL (0.042758)[0m   [0mCREATE TABLE `schema_info` (version int(11))[0m
  [4;36;1mSQL (0.009084)[0m   [0;1mINSERT INTO `schema_info` (version) VALUES(0)[0m
  [4;35;1mSQL (0.000000)[0m   [0mMysql::Error: Table 'schema_info' already exists: CREATE TABLE `schema_info` (version int(11))[0m
  [4;36;1mSQL (0.015889)[0m   [0;1mSELECT version FROM schema_info[0m
Migrating to CreateThings (1)
  [4;35;1mSQL (0.076011)[0m   [0mCREATE TABLE `things` (`id` int(11) DEFAULT NULL auto_increment PRIMARY KEY, `name` varchar(255) DEFAULT NULL) ENGINE=InnoDB[0m
  [4;36;1mSQL (0.000783)[0m   [0;1mUPDATE schema_info SET version = 1[0m
  [4;35;1mSQL (0.000259)[0m   [0mSELECT version FROM schema_info[0m
Migrating to CreateSubThings (2)
  [4;36;1mSQL (0.003390)[0m   [0;1mCREATE TABLE `sub_things` (`id` int(11) DEFAULT NULL auto_increment PRIMARY KEY, `name` varchar(255) DEFAULT NULL, `thing_id` int(11) DEFAULT NULL) ENGINE=InnoDB[0m
  [4;35;1mSQL (0.000364)[0m   [0mUPDATE schema_info SET version = 2[0m
  [4;36;1mSQL (0.000255)[0m   [0;1mSELECT * FROM schema_info[0m
  [4;35;1mSQL (0.003276)[0m   [0mSHOW TABLES[0m
  [4;36;1mSQL (0.002129)[0m   [0;1mSHOW FIELDS FROM `sub_things`[0m
  [4;35;1mSQL (0.002646)[0m   [0mdescribe `sub_things`[0m
  [4;36;1mSQL (0.000999)[0m   [0;1mSHOW KEYS FROM `sub_things`[0m
  [4;35;1mSQL (0.001521)[0m   [0mSHOW FIELDS FROM `things`[0m
  [4;36;1mSQL (0.002491)[0m   [0;1mdescribe `things`[0m
  [4;35;1mSQL (0.001696)[0m   [0mSHOW KEYS FROM `things`[0m


Processing ExampleController#index (for 127.0.0.1 at 2008-07-07 10:32:28) [GET]
  Session ID: BAh7BzoMY3NyZl9pZCIlYzI1MmU1MjgwMGRiZTU4ZjhlOTgwMDJkYWNhZjdi%0ANzEiCmZsYXNoSUM6J0FjdGlvbkNvbnRyb2xsZXI6OkZsYXNoOjpGbGFzaEhh%0Ac2h7AAY6CkB1c2VkewA%3D--c84d06ee81a46adee88ef4096e11fca769af32e0
  Parameters: {"action"=>"index", "controller"=>"example"}
  [4;36;1mSQL (0.000137)[0m   [0;1mSET SQL_AUTO_IS_NULL=0[0m
Rendering template within layouts/application
Rendering example/index
Completed in 0.00669 (149 reqs/sec) | Rendering: 0.00442 (66%) | DB: 0.00014 (2%) | 200 OK [http://localhost/example]


Processing ExampleController#new (for 127.0.0.1 at 2008-07-07 10:32:35) [GET]
  Session ID: BAh7BzoMY3NyZl9pZCIlYzI1MmU1MjgwMGRiZTU4ZjhlOTgwMDJkYWNhZjdi%0ANzEiCmZsYXNoSUM6J0FjdGlvbkNvbnRyb2xsZXI6OkZsYXNoOjpGbGFzaEhh%0Ac2h7AAY6CkB1c2VkewA%3D--c84d06ee81a46adee88ef4096e11fca769af32e0
  Parameters: {"action"=>"new", "controller"=>"example"}
Rendering template within layouts/application
Rendering example/edit
Rendered example/_subthings (0.00373)
Completed in 0.01258 (79 reqs/sec) | Rendering: 0.00815 (64%) | DB: 0.00000 (0%) | 200 OK [http://localhost/example/new]


Processing ExampleController#update (for 127.0.0.1 at 2008-07-07 10:32:41) [POST]
  Session ID: BAh7BzoMY3NyZl9pZCIlYzI1MmU1MjgwMGRiZTU4ZjhlOTgwMDJkYWNhZjdi%0ANzEiCmZsYXNoSUM6J0FjdGlvbkNvbnRyb2xsZXI6OkZsYXNoOjpGbGFzaEhh%0Ac2h7AAY6CkB1c2VkewA%3D--c84d06ee81a46adee88ef4096e11fca769af32e0
  Parameters: {"commit"=>"save", "authenticity_token"=>"40370032fe28c6af4ef79d98e6462f3d9063f5ce", "action"=>"update", "id"=>"4", "thing_name"=>"thingbeth", "controller"=>"example"}


NoMethodError (You have a nil object when you didn't expect it!
You might have expected an instance of ActiveRecord::Base.
The error occurred while evaluating nil.[]=):
    /app/controllers/example_controller.rb:22:in `update'
    /usr/local/lib/ruby/gems/1.8/gems/actionpack-2.0.2/lib/action_controller/base.rb:1158:in `send'
    /usr/local/lib/ruby/gems/1.8/gems/actionpack-2.0.2/lib/action_controller/base.rb:1158:in `perform_action_without_filters'
    /usr/local/lib/ruby/gems/1.8/gems/actionpack-2.0.2/lib/action_controller/filters.rb:697:in `call_filters'
    /usr/local/lib/ruby/gems/1.8/gems/actionpack-2.0.2/lib/action_controller/filters.rb:689:in `perform_action_without_benchmark'
    /usr/local/lib/ruby/gems/1.8/gems/actionpack-2.0.2/lib/action_controller/benchmarking.rb:68:in `perform_action_without_rescue'
    /usr/local/lib/ruby/1.8/benchmark.rb:293:in `measure'
    /usr/local/lib/ruby/gems/1.8/gems/actionpack-2.0.2/lib/action_controller/benchmarking.rb:68:in `perform_action_without_rescue'
    /usr/local/lib/ruby/gems/1.8/gems/actionpack-2.0.2/lib/action_controller/rescue.rb:199:in `perform_action_without_caching'
    /usr/local/lib/ruby/gems/1.8/gems/actionpack-2.0.2/lib/action_controller/caching.rb:678:in `perform_action'
    /usr/local/lib/ruby/gems/1.8/gems/activerecord-2.0.2/lib/active_record/connection_adapters/abstract/query_cache.rb:33:in `cache'
    /usr/local/lib/ruby/gems/1.8/gems/activerecord-2.0.2/lib/active_record/query_cache.rb:8:in `cache'
    /usr/local/lib/ruby/gems/1.8/gems/actionpack-2.0.2/lib/action_controller/caching.rb:677:in `perform_action'
    /usr/local/lib/ruby/gems/1.8/gems/actionpack-2.0.2/lib/action_controller/base.rb:524:in `send'
    /usr/local/lib/ruby/gems/1.8/gems/actionpack-2.0.2/lib/action_controller/base.rb:524:in `process_without_filters'
    /usr/local/lib/ruby/gems/1.8/gems/actionpack-2.0.2/lib/action_controller/filters.rb:685:in `process_without_session_management_support'
    /usr/local/lib/ruby/gems/1.8/gems/actionpack-2.0.2/lib/action_controller/session_management.rb:123:in `process'
    /usr/local/lib/ruby/gems/1.8/gems/actionpack-2.0.2/lib/action_controller/base.rb:388:in `process'
    /usr/local/lib/ruby/gems/1.8/gems/actionpack-2.0.2/lib/action_controller/dispatcher.rb:171:in `handle_request'
    /usr/local/lib/ruby/gems/1.8/gems/actionpack-2.0.2/lib/action_controller/dispatcher.rb:115:in `dispatch'
    /usr/local/lib/ruby/gems/1.8/gems/actionpack-2.0.2/lib/action_controller/dispatcher.rb:126:in `dispatch_cgi'
    /usr/local/lib/ruby/gems/1.8/gems/actionpack-2.0.2/lib/action_controller/dispatcher.rb:9:in `dispatch'
    /usr/local/lib/ruby/gems/1.8/gems/mongrel-1.1.4/bin/../lib/mongrel/rails.rb:76:in `process'
    /usr/local/lib/ruby/gems/1.8/gems/mongrel-1.1.4/bin/../lib/mongrel/rails.rb:74:in `synchronize'
    /usr/local/lib/ruby/gems/1.8/gems/mongrel-1.1.4/bin/../lib/mongrel/rails.rb:74:in `process'
    /usr/local/lib/ruby/gems/1.8/gems/mongrel-1.1.4/lib/mongrel.rb:159:in `process_client'
    /usr/local/lib/ruby/gems/1.8/gems/mongrel-1.1.4/lib/mongrel.rb:158:in `each'
    /usr/local/lib/ruby/gems/1.8/gems/mongrel-1.1.4/lib/mongrel.rb:158:in `process_client'
    /usr/local/lib/ruby/gems/1.8/gems/mongrel-1.1.4/lib/mongrel.rb:285:in `run'
    /usr/local/lib/ruby/gems/1.8/gems/mongrel-1.1.4/lib/mongrel.rb:285:in `initialize'
    /usr/local/lib/ruby/gems/1.8/gems/mongrel-1.1.4/lib/mongrel.rb:285:in `new'
    /usr/local/lib/ruby/gems/1.8/gems/mongrel-1.1.4/lib/mongrel.rb:285:in `run'
    /usr/local/lib/ruby/gems/1.8/gems/mongrel-1.1.4/lib/mongrel.rb:268:in `initialize'
    /usr/local/lib/ruby/gems/1.8/gems/mongrel-1.1.4/lib/mongrel.rb:268:in `new'
    /usr/local/lib/ruby/gems/1.8/gems/mongrel-1.1.4/lib/mongrel.rb:268:in `run'
    /usr/local/lib/ruby/gems/1.8/gems/mongrel-1.1.4/lib/mongrel/configurator.rb:282:in `run'
    /usr/local/lib/ruby/gems/1.8/gems/mongrel-1.1.4/lib/mongrel/configurator.rb:281:in `each'
    /usr/local/lib/ruby/gems/1.8/gems/mongrel-1.1.4/lib/mongrel/configurator.rb:281:in `run'
    /usr/local/lib/ruby/gems/1.8/gems/mongrel-1.1.4/bin/mongrel_rails:128:in `run'
    /usr/local/lib/ruby/gems/1.8/gems/mongrel-1.1.4/lib/mongrel/command.rb:212:in `run'
    /usr/local/lib/ruby/gems/1.8/gems/mongrel-1.1.4/bin/mongrel_rails:281
    /usr/local/lib/ruby/gems/1.8/gems/activesupport-2.0.2/lib/active_support/dependencies.rb:489:in `load'
    /usr/local/lib/ruby/gems/1.8/gems/activesupport-2.0.2/lib/active_support/dependencies.rb:489:in `load'
    /usr/local/lib/ruby/gems/1.8/gems/activesupport-2.0.2/lib/active_support/dependencies.rb:342:in `new_constants_in'
    /usr/local/lib/ruby/gems/1.8/gems/activesupport-2.0.2/lib/active_support/dependencies.rb:489:in `load'
    /usr/local/lib/ruby/gems/1.8/gems/rails-2.0.2/lib/commands/servers/mongrel.rb:64
    /usr/local/lib/ruby/site_ruby/1.8/rubygems/custom_require.rb:27:in `gem_original_require'
    /usr/local/lib/ruby/site_ruby/1.8/rubygems/custom_require.rb:27:in `require'
    /usr/local/lib/ruby/gems/1.8/gems/activesupport-2.0.2/lib/active_support/dependencies.rb:496:in `require'
    /usr/local/lib/ruby/gems/1.8/gems/activesupport-2.0.2/lib/active_support/dependencies.rb:342:in `new_constants_in'
    /usr/local/lib/ruby/gems/1.8/gems/activesupport-2.0.2/lib/active_support/dependencies.rb:496:in `require'
    /usr/local/lib/ruby/gems/1.8/gems/rails-2.0.2/lib/commands/server.rb:39
    /usr/local/lib/ruby/site_ruby/1.8/rubygems/custom_require.rb:27:in `gem_original_require'
    /usr/local/lib/ruby/site_ruby/1.8/rubygems/custom_require.rb:27:in `require'
    script/server:3

Rendering /usr/local/lib/ruby/gems/1.8/gems/actionpack-2.0.2/lib/action_controller/templates/rescues/layout.erb (internal_server_error)


Processing ExampleController#index (for 127.0.0.1 at 2008-07-07 10:39:20) [GET]
  Session ID: BAh7BzoMY3NyZl9pZCIlYzI1MmU1MjgwMGRiZTU4ZjhlOTgwMDJkYWNhZjdi%0ANzEiCmZsYXNoSUM6J0FjdGlvbkNvbnRyb2xsZXI6OkZsYXNoOjpGbGFzaEhh%0Ac2h7AAY6CkB1c2VkewA%3D--c84d06ee81a46adee88ef4096e11fca769af32e0
  Parameters: {"action"=>"index", "controller"=>"example"}
Rendering template within layouts/application
Rendering example/index
Completed in 0.00938 (106 reqs/sec) | Rendering: 0.00466 (49%) | DB: 0.00000 (0%) | 200 OK [http://localhost/example]


Processing ExampleController#edit (for 127.0.0.1 at 2008-07-07 10:39:22) [GET]
  Session ID: BAh7BzoMY3NyZl9pZCIlYzI1MmU1MjgwMGRiZTU4ZjhlOTgwMDJkYWNhZjdi%0ANzEiCmZsYXNoSUM6J0FjdGlvbkNvbnRyb2xsZXI6OkZsYXNoOjpGbGFzaEhh%0Ac2h7AAY6CkB1c2VkewA%3D--c84d06ee81a46adee88ef4096e11fca769af32e0
  Parameters: {"action"=>"edit", "id"=>"1", "controller"=>"example"}
Rendering template within layouts/application
Rendering example/edit
Rendered example/_subthings (0.00397)
Completed in 0.01151 (86 reqs/sec) | Rendering: 0.00670 (58%) | DB: 0.00000 (0%) | 200 OK [http://localhost/example/edit/1]


Processing ExampleController#remove_subthing (for 127.0.0.1 at 2008-07-07 10:39:39) [POST]
  Session ID: BAh7BzoMY3NyZl9pZCIlYzI1MmU1MjgwMGRiZTU4ZjhlOTgwMDJkYWNhZjdi%0ANzEiCmZsYXNoSUM6J0FjdGlvbkNvbnRyb2xsZXI6OkZsYXNoOjpGbGFzaEhh%0Ac2h7AAY6CkB1c2VkewA%3D--c84d06ee81a46adee88ef4096e11fca769af32e0
  Parameters: {"thing_id"=>"1", "subthing_id"=>"2", "authenticity_token"=>"40370032fe28c6af4ef79d98e6462f3d9063f5ce", "action"=>"remove_subthing", "controller"=>"example"}
Rendered example/_subthings (0.00109)
Completed in 0.00930 (107 reqs/sec) | Rendering: 0.00141 (15%) | DB: 0.00000 (0%) | 200 OK [http://localhost/example/remove_subthing?subthing_id=2&thing_id=1]


Processing ExampleController#add_subthing (for 127.0.0.1 at 2008-07-07 10:39:55) [POST]
  Session ID: BAh7BzoMY3NyZl9pZCIlYzI1MmU1MjgwMGRiZTU4ZjhlOTgwMDJkYWNhZjdi%0ANzEiCmZsYXNoSUM6J0FjdGlvbkNvbnRyb2xsZXI6OkZsYXNoOjpGbGFzaEhh%0Ac2h7AAY6CkB1c2VkewA%3D--c84d06ee81a46adee88ef4096e11fca769af32e0
  Parameters: {"commit"=>"add", "thing_id"=>"1", "authenticity_token"=>"40370032fe28c6af4ef79d98e6462f3d9063f5ce", "action"=>"add_subthing", "subthing_name"=>"sub thing 3", "controller"=>"example"}
Rendered example/_subthings (0.00200)
Completed in 0.01254 (79 reqs/sec) | Rendering: 0.00240 (19%) | DB: 0.00000 (0%) | 200 OK [http://localhost/example/add_subthing?thing_id=1]


Processing ExampleController#update (for 127.0.0.1 at 2008-07-07 10:40:01) [POST]
  Session ID: BAh7BzoMY3NyZl9pZCIlYzI1MmU1MjgwMGRiZTU4ZjhlOTgwMDJkYWNhZjdi%0ANzEiCmZsYXNoSUM6J0FjdGlvbkNvbnRyb2xsZXI6OkZsYXNoOjpGbGFzaEhh%0Ac2h7AAY6CkB1c2VkewA%3D--c84d06ee81a46adee88ef4096e11fca769af32e0
  Parameters: {"commit"=>"save", "authenticity_token"=>"40370032fe28c6af4ef79d98e6462f3d9063f5ce", "action"=>"update", "id"=>"1", "thing_name"=>"thing1", "controller"=>"example"}
Redirected to http://localhost:3000/example
Completed in 0.00799 (125 reqs/sec) | DB: 0.00000 (0%) | 302 Found [http://localhost/example/update/1]


Processing ExampleController#index (for 127.0.0.1 at 2008-07-07 10:40:01) [GET]
  Session ID: BAh7BzoMY3NyZl9pZCIlYzI1MmU1MjgwMGRiZTU4ZjhlOTgwMDJkYWNhZjdi%0ANzEiCmZsYXNoSUM6J0FjdGlvbkNvbnRyb2xsZXI6OkZsYXNoOjpGbGFzaEhh%0Ac2h7AAY6CkB1c2VkewA%3D--c84d06ee81a46adee88ef4096e11fca769af32e0
  Parameters: {"action"=>"index", "controller"=>"example"}
Rendering template within layouts/application
Rendering example/index
Completed in 0.01021 (97 reqs/sec) | Rendering: 0.00533 (52%) | DB: 0.00000 (0%) | 200 OK [http://localhost/example]


Processing ExampleController#new (for 127.0.0.1 at 2008-07-07 10:40:04) [GET]
  Session ID: BAh7BzoMY3NyZl9pZCIlYzI1MmU1MjgwMGRiZTU4ZjhlOTgwMDJkYWNhZjdi%0ANzEiCmZsYXNoSUM6J0FjdGlvbkNvbnRyb2xsZXI6OkZsYXNoOjpGbGFzaEhh%0Ac2h7AAY6CkB1c2VkewA%3D--c84d06ee81a46adee88ef4096e11fca769af32e0
  Parameters: {"action"=>"new", "controller"=>"example"}
Rendering template within layouts/application
Rendering example/edit
Rendered example/_subthings (0.04980)
Completed in 0.05717 (17 reqs/sec) | Rendering: 0.05268 (92%) | DB: 0.00000 (0%) | 200 OK [http://localhost/example/new]


Processing ExampleController#update (for 127.0.0.1 at 2008-07-07 10:40:09) [POST]
  Session ID: BAh7BzoMY3NyZl9pZCIlYzI1MmU1MjgwMGRiZTU4ZjhlOTgwMDJkYWNhZjdi%0ANzEiCmZsYXNoSUM6J0FjdGlvbkNvbnRyb2xsZXI6OkZsYXNoOjpGbGFzaEhh%0Ac2h7AAY6CkB1c2VkewA%3D--c84d06ee81a46adee88ef4096e11fca769af32e0
  Parameters: {"commit"=>"save", "authenticity_token"=>"40370032fe28c6af4ef79d98e6462f3d9063f5ce", "action"=>"update", "id"=>"6", "thing_name"=>"thing3", "controller"=>"example"}


NoMethodError (You have a nil object when you didn't expect it!
You might have expected an instance of ActiveRecord::Base.
The error occurred while evaluating nil.[]=):
    /app/controllers/example_controller.rb:22:in `update'
    /usr/local/lib/ruby/gems/1.8/gems/actionpack-2.0.2/lib/action_controller/base.rb:1158:in `send'
    /usr/local/lib/ruby/gems/1.8/gems/actionpack-2.0.2/lib/action_controller/base.rb:1158:in `perform_action_without_filters'
    /usr/local/lib/ruby/gems/1.8/gems/actionpack-2.0.2/lib/action_controller/filters.rb:697:in `call_filters'
    /usr/local/lib/ruby/gems/1.8/gems/actionpack-2.0.2/lib/action_controller/filters.rb:689:in `perform_action_without_benchmark'
    /usr/local/lib/ruby/gems/1.8/gems/actionpack-2.0.2/lib/action_controller/benchmarking.rb:68:in `perform_action_without_rescue'
    /usr/local/lib/ruby/1.8/benchmark.rb:293:in `measure'
    /usr/local/lib/ruby/gems/1.8/gems/actionpack-2.0.2/lib/action_controller/benchmarking.rb:68:in `perform_action_without_rescue'
    /usr/local/lib/ruby/gems/1.8/gems/actionpack-2.0.2/lib/action_controller/rescue.rb:199:in `perform_action_without_caching'
    /usr/local/lib/ruby/gems/1.8/gems/actionpack-2.0.2/lib/action_controller/caching.rb:678:in `perform_action'
    /usr/local/lib/ruby/gems/1.8/gems/activerecord-2.0.2/lib/active_record/connection_adapters/abstract/query_cache.rb:33:in `cache'
    /usr/local/lib/ruby/gems/1.8/gems/activerecord-2.0.2/lib/active_record/query_cache.rb:8:in `cache'
    /usr/local/lib/ruby/gems/1.8/gems/actionpack-2.0.2/lib/action_controller/caching.rb:677:in `perform_action'
    /usr/local/lib/ruby/gems/1.8/gems/actionpack-2.0.2/lib/action_controller/base.rb:524:in `send'
    /usr/local/lib/ruby/gems/1.8/gems/actionpack-2.0.2/lib/action_controller/base.rb:524:in `process_without_filters'
    /usr/local/lib/ruby/gems/1.8/gems/actionpack-2.0.2/lib/action_controller/filters.rb:685:in `process_without_session_management_support'
    /usr/local/lib/ruby/gems/1.8/gems/actionpack-2.0.2/lib/action_controller/session_management.rb:123:in `process'
    /usr/local/lib/ruby/gems/1.8/gems/actionpack-2.0.2/lib/action_controller/base.rb:388:in `process'
    /usr/local/lib/ruby/gems/1.8/gems/actionpack-2.0.2/lib/action_controller/dispatcher.rb:171:in `handle_request'
    /usr/local/lib/ruby/gems/1.8/gems/actionpack-2.0.2/lib/action_controller/dispatcher.rb:115:in `dispatch'
    /usr/local/lib/ruby/gems/1.8/gems/actionpack-2.0.2/lib/action_controller/dispatcher.rb:126:in `dispatch_cgi'
    /usr/local/lib/ruby/gems/1.8/gems/actionpack-2.0.2/lib/action_controller/dispatcher.rb:9:in `dispatch'
    /usr/local/lib/ruby/gems/1.8/gems/mongrel-1.1.4/bin/../lib/mongrel/rails.rb:76:in `process'
    /usr/local/lib/ruby/gems/1.8/gems/mongrel-1.1.4/bin/../lib/mongrel/rails.rb:74:in `synchronize'
    /usr/local/lib/ruby/gems/1.8/gems/mongrel-1.1.4/bin/../lib/mongrel/rails.rb:74:in `process'
    /usr/local/lib/ruby/gems/1.8/gems/mongrel-1.1.4/lib/mongrel.rb:159:in `process_client'
    /usr/local/lib/ruby/gems/1.8/gems/mongrel-1.1.4/lib/mongrel.rb:158:in `each'
    /usr/local/lib/ruby/gems/1.8/gems/mongrel-1.1.4/lib/mongrel.rb:158:in `process_client'
    /usr/local/lib/ruby/gems/1.8/gems/mongrel-1.1.4/lib/mongrel.rb:285:in `run'
    /usr/local/lib/ruby/gems/1.8/gems/mongrel-1.1.4/lib/mongrel.rb:285:in `initialize'
    /usr/local/lib/ruby/gems/1.8/gems/mongrel-1.1.4/lib/mongrel.rb:285:in `new'
    /usr/local/lib/ruby/gems/1.8/gems/mongrel-1.1.4/lib/mongrel.rb:285:in `run'
    /usr/local/lib/ruby/gems/1.8/gems/mongrel-1.1.4/lib/mongrel.rb:268:in `initialize'
    /usr/local/lib/ruby/gems/1.8/gems/mongrel-1.1.4/lib/mongrel.rb:268:in `new'
    /usr/local/lib/ruby/gems/1.8/gems/mongrel-1.1.4/lib/mongrel.rb:268:in `run'
    /usr/local/lib/ruby/gems/1.8/gems/mongrel-1.1.4/lib/mongrel/configurator.rb:282:in `run'
    /usr/local/lib/ruby/gems/1.8/gems/mongrel-1.1.4/lib/mongrel/configurator.rb:281:in `each'
    /usr/local/lib/ruby/gems/1.8/gems/mongrel-1.1.4/lib/mongrel/configurator.rb:281:in `run'
    /usr/local/lib/ruby/gems/1.8/gems/mongrel-1.1.4/bin/mongrel_rails:128:in `run'
    /usr/local/lib/ruby/gems/1.8/gems/mongrel-1.1.4/lib/mongrel/command.rb:212:in `run'
    /usr/local/lib/ruby/gems/1.8/gems/mongrel-1.1.4/bin/mongrel_rails:281
    /usr/local/lib/ruby/gems/1.8/gems/activesupport-2.0.2/lib/active_support/dependencies.rb:489:in `load'
    /usr/local/lib/ruby/gems/1.8/gems/activesupport-2.0.2/lib/active_support/dependencies.rb:489:in `load'
    /usr/local/lib/ruby/gems/1.8/gems/activesupport-2.0.2/lib/active_support/dependencies.rb:342:in `new_constants_in'
    /usr/local/lib/ruby/gems/1.8/gems/activesupport-2.0.2/lib/active_support/dependencies.rb:489:in `load'
    /usr/local/lib/ruby/gems/1.8/gems/rails-2.0.2/lib/commands/servers/mongrel.rb:64
    /usr/local/lib/ruby/site_ruby/1.8/rubygems/custom_require.rb:27:in `gem_original_require'
    /usr/local/lib/ruby/site_ruby/1.8/rubygems/custom_require.rb:27:in `require'
    /usr/local/lib/ruby/gems/1.8/gems/activesupport-2.0.2/lib/active_support/dependencies.rb:496:in `require'
    /usr/local/lib/ruby/gems/1.8/gems/activesupport-2.0.2/lib/active_support/dependencies.rb:342:in `new_constants_in'
    /usr/local/lib/ruby/gems/1.8/gems/activesupport-2.0.2/lib/active_support/dependencies.rb:496:in `require'
    /usr/local/lib/ruby/gems/1.8/gems/rails-2.0.2/lib/commands/server.rb:39
    /usr/local/lib/ruby/site_ruby/1.8/rubygems/custom_require.rb:27:in `gem_original_require'
    /usr/local/lib/ruby/site_ruby/1.8/rubygems/custom_require.rb:27:in `require'
    script/server:3

Rendering /usr/local/lib/ruby/gems/1.8/gems/actionpack-2.0.2/lib/action_controller/templates/rescues/layout.erb (internal_server_error)


Processing ExampleController#index (for 127.0.0.1 at 2008-07-07 10:41:36) [GET]
  Session ID: BAh7BzoMY3NyZl9pZCIlYzI1MmU1MjgwMGRiZTU4ZjhlOTgwMDJkYWNhZjdi%0ANzEiCmZsYXNoSUM6J0FjdGlvbkNvbnRyb2xsZXI6OkZsYXNoOjpGbGFzaEhh%0Ac2h7AAY6CkB1c2VkewA%3D--c84d06ee81a46adee88ef4096e11fca769af32e0
  Parameters: {"action"=>"index", "controller"=>"example"}
Rendering template within layouts/application
Rendering example/index
Completed in 0.00941 (106 reqs/sec) | Rendering: 0.00477 (50%) | DB: 0.00000 (0%) | 200 OK [http://localhost/example]


Processing ExampleController#edit (for 127.0.0.1 at 2008-07-07 10:41:40) [GET]
  Session ID: BAh7BzoMY3NyZl9pZCIlYzI1MmU1MjgwMGRiZTU4ZjhlOTgwMDJkYWNhZjdi%0ANzEiCmZsYXNoSUM6J0FjdGlvbkNvbnRyb2xsZXI6OkZsYXNoOjpGbGFzaEhh%0Ac2h7AAY6CkB1c2VkewA%3D--c84d06ee81a46adee88ef4096e11fca769af32e0
  Parameters: {"action"=>"edit", "id"=>"1", "controller"=>"example"}
Rendering template within layouts/application
Rendering example/edit
Rendered example/_subthings (0.00391)
Completed in 0.01137 (87 reqs/sec) | Rendering: 0.00679 (59%) | DB: 0.00000 (0%) | 200 OK [http://localhost/example/edit/1]


Processing ExampleController#index (for 127.0.0.1 at 2008-07-07 10:56:49) [GET]
  Session ID: BAh7BzoMY3NyZl9pZCIlYzI1MmU1MjgwMGRiZTU4ZjhlOTgwMDJkYWNhZjdi%0ANzEiCmZsYXNoSUM6J0FjdGlvbkNvbnRyb2xsZXI6OkZsYXNoOjpGbGFzaEhh%0Ac2h7AAY6CkB1c2VkewA%3D--c84d06ee81a46adee88ef4096e11fca769af32e0
  Parameters: {"action"=>"index", "controller"=>"example"}
Rendering template within layouts/application
Rendering example/index
Completed in 0.00928 (107 reqs/sec) | Rendering: 0.00463 (49%) | DB: 0.00000 (0%) | 200 OK [http://localhost/example]


Processing ExampleController#new (for 127.0.0.1 at 2008-07-07 10:56:50) [GET]
  Session ID: BAh7BzoMY3NyZl9pZCIlYzI1MmU1MjgwMGRiZTU4ZjhlOTgwMDJkYWNhZjdi%0ANzEiCmZsYXNoSUM6J0FjdGlvbkNvbnRyb2xsZXI6OkZsYXNoOjpGbGFzaEhh%0Ac2h7AAY6CkB1c2VkewA%3D--c84d06ee81a46adee88ef4096e11fca769af32e0
  Parameters: {"action"=>"new", "controller"=>"example"}
Rendering template within layouts/application
Rendering example/edit
Rendered example/_subthings (0.00289)
Completed in 0.01000 (99 reqs/sec) | Rendering: 0.00563 (56%) | DB: 0.00000 (0%) | 200 OK [http://localhost/example/new]


Processing ExampleController#update (for 127.0.0.1 at 2008-07-07 10:59:17) [POST]
  Session ID: BAh7BzoMY3NyZl9pZCIlYzI1MmU1MjgwMGRiZTU4ZjhlOTgwMDJkYWNhZjdi%0ANzEiCmZsYXNoSUM6J0FjdGlvbkNvbnRyb2xsZXI6OkZsYXNoOjpGbGFzaEhh%0Ac2h7AAY6CkB1c2VkewA%3D--c84d06ee81a46adee88ef4096e11fca769af32e0
  Parameters: {"commit"=>"save", "authenticity_token"=>"40370032fe28c6af4ef79d98e6462f3d9063f5ce", "action"=>"update", "id"=>"7", "thing_name"=>"thingnew", "controller"=>"example"}


NoMethodError (You have a nil object when you didn't expect it!
You might have expected an instance of ActiveRecord::Base.
The error occurred while evaluating nil.[]=):
    /app/controllers/example_controller.rb:22:in `update'
    /usr/local/lib/ruby/gems/1.8/gems/actionpack-2.0.2/lib/action_controller/base.rb:1158:in `send'
    /usr/local/lib/ruby/gems/1.8/gems/actionpack-2.0.2/lib/action_controller/base.rb:1158:in `perform_action_without_filters'
    /usr/local/lib/ruby/gems/1.8/gems/actionpack-2.0.2/lib/action_controller/filters.rb:697:in `call_filters'
    /usr/local/lib/ruby/gems/1.8/gems/actionpack-2.0.2/lib/action_controller/filters.rb:689:in `perform_action_without_benchmark'
    /usr/local/lib/ruby/gems/1.8/gems/actionpack-2.0.2/lib/action_controller/benchmarking.rb:68:in `perform_action_without_rescue'
    /usr/local/lib/ruby/1.8/benchmark.rb:293:in `measure'
    /usr/local/lib/ruby/gems/1.8/gems/actionpack-2.0.2/lib/action_controller/benchmarking.rb:68:in `perform_action_without_rescue'
    /usr/local/lib/ruby/gems/1.8/gems/actionpack-2.0.2/lib/action_controller/rescue.rb:199:in `perform_action_without_caching'
    /usr/local/lib/ruby/gems/1.8/gems/actionpack-2.0.2/lib/action_controller/caching.rb:678:in `perform_action'
    /usr/local/lib/ruby/gems/1.8/gems/activerecord-2.0.2/lib/active_record/connection_adapters/abstract/query_cache.rb:33:in `cache'
    /usr/local/lib/ruby/gems/1.8/gems/activerecord-2.0.2/lib/active_record/query_cache.rb:8:in `cache'
    /usr/local/lib/ruby/gems/1.8/gems/actionpack-2.0.2/lib/action_controller/caching.rb:677:in `perform_action'
    /usr/local/lib/ruby/gems/1.8/gems/actionpack-2.0.2/lib/action_controller/base.rb:524:in `send'
    /usr/local/lib/ruby/gems/1.8/gems/actionpack-2.0.2/lib/action_controller/base.rb:524:in `process_without_filters'
    /usr/local/lib/ruby/gems/1.8/gems/actionpack-2.0.2/lib/action_controller/filters.rb:685:in `process_without_session_management_support'
    /usr/local/lib/ruby/gems/1.8/gems/actionpack-2.0.2/lib/action_controller/session_management.rb:123:in `process'
    /usr/local/lib/ruby/gems/1.8/gems/actionpack-2.0.2/lib/action_controller/base.rb:388:in `process'
    /usr/local/lib/ruby/gems/1.8/gems/actionpack-2.0.2/lib/action_controller/dispatcher.rb:171:in `handle_request'
    /usr/local/lib/ruby/gems/1.8/gems/actionpack-2.0.2/lib/action_controller/dispatcher.rb:115:in `dispatch'
    /usr/local/lib/ruby/gems/1.8/gems/actionpack-2.0.2/lib/action_controller/dispatcher.rb:126:in `dispatch_cgi'
    /usr/local/lib/ruby/gems/1.8/gems/actionpack-2.0.2/lib/action_controller/dispatcher.rb:9:in `dispatch'
    /usr/local/lib/ruby/gems/1.8/gems/mongrel-1.1.4/bin/../lib/mongrel/rails.rb:76:in `process'
    /usr/local/lib/ruby/gems/1.8/gems/mongrel-1.1.4/bin/../lib/mongrel/rails.rb:74:in `synchronize'
    /usr/local/lib/ruby/gems/1.8/gems/mongrel-1.1.4/bin/../lib/mongrel/rails.rb:74:in `process'
    /usr/local/lib/ruby/gems/1.8/gems/mongrel-1.1.4/lib/mongrel.rb:159:in `process_client'
    /usr/local/lib/ruby/gems/1.8/gems/mongrel-1.1.4/lib/mongrel.rb:158:in `each'
    /usr/local/lib/ruby/gems/1.8/gems/mongrel-1.1.4/lib/mongrel.rb:158:in `process_client'
    /usr/local/lib/ruby/gems/1.8/gems/mongrel-1.1.4/lib/mongrel.rb:285:in `run'
    /usr/local/lib/ruby/gems/1.8/gems/mongrel-1.1.4/lib/mongrel.rb:285:in `initialize'
    /usr/local/lib/ruby/gems/1.8/gems/mongrel-1.1.4/lib/mongrel.rb:285:in `new'
    /usr/local/lib/ruby/gems/1.8/gems/mongrel-1.1.4/lib/mongrel.rb:285:in `run'
    /usr/local/lib/ruby/gems/1.8/gems/mongrel-1.1.4/lib/mongrel.rb:268:in `initialize'
    /usr/local/lib/ruby/gems/1.8/gems/mongrel-1.1.4/lib/mongrel.rb:268:in `new'
    /usr/local/lib/ruby/gems/1.8/gems/mongrel-1.1.4/lib/mongrel.rb:268:in `run'
    /usr/local/lib/ruby/gems/1.8/gems/mongrel-1.1.4/lib/mongrel/configurator.rb:282:in `run'
    /usr/local/lib/ruby/gems/1.8/gems/mongrel-1.1.4/lib/mongrel/configurator.rb:281:in `each'
    /usr/local/lib/ruby/gems/1.8/gems/mongrel-1.1.4/lib/mongrel/configurator.rb:281:in `run'
    /usr/local/lib/ruby/gems/1.8/gems/mongrel-1.1.4/bin/mongrel_rails:128:in `run'
    /usr/local/lib/ruby/gems/1.8/gems/mongrel-1.1.4/lib/mongrel/command.rb:212:in `run'
    /usr/local/lib/ruby/gems/1.8/gems/mongrel-1.1.4/bin/mongrel_rails:281
    /usr/local/lib/ruby/gems/1.8/gems/activesupport-2.0.2/lib/active_support/dependencies.rb:489:in `load'
    /usr/local/lib/ruby/gems/1.8/gems/activesupport-2.0.2/lib/active_support/dependencies.rb:489:in `load'
    /usr/local/lib/ruby/gems/1.8/gems/activesupport-2.0.2/lib/active_support/dependencies.rb:342:in `new_constants_in'
    /usr/local/lib/ruby/gems/1.8/gems/activesupport-2.0.2/lib/active_support/dependencies.rb:489:in `load'
    /usr/local/lib/ruby/gems/1.8/gems/rails-2.0.2/lib/commands/servers/mongrel.rb:64
    /usr/local/lib/ruby/site_ruby/1.8/rubygems/custom_require.rb:27:in `gem_original_require'
    /usr/local/lib/ruby/site_ruby/1.8/rubygems/custom_require.rb:27:in `require'
    /usr/local/lib/ruby/gems/1.8/gems/activesupport-2.0.2/lib/active_support/dependencies.rb:496:in `require'
    /usr/local/lib/ruby/gems/1.8/gems/activesupport-2.0.2/lib/active_support/dependencies.rb:342:in `new_constants_in'
    /usr/local/lib/ruby/gems/1.8/gems/activesupport-2.0.2/lib/active_support/dependencies.rb:496:in `require'
    /usr/local/lib/ruby/gems/1.8/gems/rails-2.0.2/lib/commands/server.rb:39
    /usr/local/lib/ruby/site_ruby/1.8/rubygems/custom_require.rb:27:in `gem_original_require'
    /usr/local/lib/ruby/site_ruby/1.8/rubygems/custom_require.rb:27:in `require'
    script/server:3

Rendering /usr/local/lib/ruby/gems/1.8/gems/actionpack-2.0.2/lib/action_controller/templates/rescues/layout.erb (internal_server_error)


Processing ExampleController#index (for 127.0.0.1 at 2008-07-07 11:09:14) [GET]
  Session ID: BAh7BzoMY3NyZl9pZCIlYzI1MmU1MjgwMGRiZTU4ZjhlOTgwMDJkYWNhZjdi%0ANzEiCmZsYXNoSUM6J0FjdGlvbkNvbnRyb2xsZXI6OkZsYXNoOjpGbGFzaEhh%0Ac2h7AAY6CkB1c2VkewA%3D--c84d06ee81a46adee88ef4096e11fca769af32e0
  Parameters: {"action"=>"index", "controller"=>"example"}
  [4;36;1mSQL (0.000201)[0m   [0;1mSET SQL_AUTO_IS_NULL=0[0m
Rendering template within layouts/application
Rendering example/index
Completed in 0.00928 (107 reqs/sec) | Rendering: 0.00614 (66%) | DB: 0.00020 (2%) | 200 OK [http://localhost/example]


Processing ExampleController#new (for 127.0.0.1 at 2008-07-07 11:09:16) [GET]
  Session ID: BAh7BzoMY3NyZl9pZCIlYzI1MmU1MjgwMGRiZTU4ZjhlOTgwMDJkYWNhZjdi%0ANzEiCmZsYXNoSUM6J0FjdGlvbkNvbnRyb2xsZXI6OkZsYXNoOjpGbGFzaEhh%0Ac2h7AAY6CkB1c2VkewA%3D--c84d06ee81a46adee88ef4096e11fca769af32e0
  Parameters: {"action"=>"new", "controller"=>"example"}
Rendering template within layouts/application
Rendering example/edit
Rendered example/_subthings (0.00343)
Completed in 0.01177 (84 reqs/sec) | Rendering: 0.00736 (62%) | DB: 0.00000 (0%) | 200 OK [http://localhost/example/new]


Processing ExampleController#update (for 127.0.0.1 at 2008-07-07 11:09:21) [POST]
  Session ID: BAh7BzoMY3NyZl9pZCIlYzI1MmU1MjgwMGRiZTU4ZjhlOTgwMDJkYWNhZjdi%0ANzEiCmZsYXNoSUM6J0FjdGlvbkNvbnRyb2xsZXI6OkZsYXNoOjpGbGFzaEhh%0Ac2h7AAY6CkB1c2VkewA%3D--c84d06ee81a46adee88ef4096e11fca769af32e0
  Parameters: {"commit"=>"save", "authenticity_token"=>"40370032fe28c6af4ef79d98e6462f3d9063f5ce", "action"=>"update", "thing_name"=>"thingbeth", "controller"=>"example"}
Redirected to http://localhost:3000/example
Completed in 0.00760 (131 reqs/sec) | DB: 0.00000 (0%) | 302 Found [http://localhost/example/update/]


Processing ExampleController#index (for 127.0.0.1 at 2008-07-07 11:09:21) [GET]
  Session ID: BAh7BzoMY3NyZl9pZCIlYzI1MmU1MjgwMGRiZTU4ZjhlOTgwMDJkYWNhZjdi%0ANzEiCmZsYXNoSUM6J0FjdGlvbkNvbnRyb2xsZXI6OkZsYXNoOjpGbGFzaEhh%0Ac2h7AAY6CkB1c2VkewA%3D--c84d06ee81a46adee88ef4096e11fca769af32e0
  Parameters: {"action"=>"index", "controller"=>"example"}
Rendering template within layouts/application
Rendering example/index
Completed in 0.05542 (18 reqs/sec) | Rendering: 0.05022 (90%) | DB: 0.00000 (0%) | 200 OK [http://localhost/example]
